0 info it worked if it ends with ok
1 verbose cli [ 'C:\\Program Files\\nodejs\\node.exe',
1 verbose cli   'C:\\Program Files\\nodejs\\node_modules\\npm\\bin\\npm-cli.js',
1 verbose cli   'i',
1 verbose cli   'sleep' ]
2 info using npm@2.14.3
3 info using node@v4.1.0
4 verbose install initial load of C:\code\frontend\react\package.json
5 warn package.json react@1.0.0 No README data
6 verbose installManyTop reading scoped package data from C:\code\frontend\react\node_modules\babel\package.json
7 verbose installManyTop reading scoped package data from C:\code\frontend\react\node_modules\babel-core\package.json
8 verbose installManyTop reading scoped package data from C:\code\frontend\react\node_modules\babel-loader\package.json
9 verbose installManyTop reading scoped package data from C:\code\frontend\react\node_modules\bower-webpack-plugin\package.json
10 verbose installManyTop reading scoped package data from C:\code\frontend\react\node_modules\css-loader\package.json
11 verbose installManyTop reading scoped package data from C:\code\frontend\react\node_modules\express\package.json
12 verbose installManyTop reading scoped package data from C:\code\frontend\react\node_modules\extract-text-webpack-plugin\package.json
13 verbose installManyTop reading scoped package data from C:\code\frontend\react\node_modules\file-loader\package.json
14 verbose installManyTop reading scoped package data from C:\code\frontend\react\node_modules\handlebars\package.json
15 verbose installManyTop reading scoped package data from C:\code\frontend\react\node_modules\handlebars-loader\package.json
16 verbose installManyTop reading scoped package data from C:\code\frontend\react\node_modules\jade\package.json
17 verbose installManyTop reading scoped package data from C:\code\frontend\react\node_modules\jshint\package.json
18 verbose installManyTop reading scoped package data from C:\code\frontend\react\node_modules\jshint-loader\package.json
19 verbose installManyTop reading scoped package data from C:\code\frontend\react\node_modules\json-loader\package.json
20 verbose installManyTop reading scoped package data from C:\code\frontend\react\node_modules\jsx-loader\package.json
21 verbose installManyTop reading scoped package data from C:\code\frontend\react\node_modules\nodemon\package.json
22 verbose installManyTop reading scoped package data from C:\code\frontend\react\node_modules\path\package.json
23 verbose installManyTop reading scoped package data from C:\code\frontend\react\node_modules\react\package.json
24 verbose installManyTop reading scoped package data from C:\code\frontend\react\node_modules\react-dom\package.json
25 verbose installManyTop reading scoped package data from C:\code\frontend\react\node_modules\react-hot-loader\package.json
26 verbose installManyTop reading scoped package data from C:\code\frontend\react\node_modules\react-router\package.json
27 verbose installManyTop reading scoped package data from C:\code\frontend\react\node_modules\strip-loader\package.json
28 verbose installManyTop reading scoped package data from C:\code\frontend\react\node_modules\style-loader\package.json
29 verbose installManyTop reading scoped package data from C:\code\frontend\react\node_modules\url-loader\package.json
30 verbose installManyTop reading scoped package data from C:\code\frontend\react\node_modules\webdriverio\package.json
31 verbose installManyTop reading scoped package data from C:\code\frontend\react\node_modules\webpack\package.json
32 verbose installManyTop reading scoped package data from C:\code\frontend\react\node_modules\webpack-dev-server\package.json
33 info package.json babel-core@5.8.25 No README data
34 info package.json path@0.12.7 path is also the name of a node core module.
35 info package.json jsx-loader@0.13.2 license should be a valid SPDX license expression
36 info package.json jshint-loader@0.8.3 No license field.
37 info package.json strip-loader@0.1.0 No license field.
38 info package.json webdriverio@3.2.5 No license field.
39 verbose readDependencies loading dependencies from C:\code\frontend\react\package.json
40 silly cache add args [ 'sleep', null ]
41 verbose cache add spec sleep
42 silly cache add parsed spec Result {
42 silly cache add   raw: 'sleep',
42 silly cache add   scope: null,
42 silly cache add   name: 'sleep',
42 silly cache add   rawSpec: '',
42 silly cache add   spec: '*',
42 silly cache add   type: 'range' }
43 silly addNamed sleep@*
44 verbose addNamed "*" is a valid semver range for sleep
45 silly addNameRange { name: 'sleep', range: '*', hasData: false }
46 silly mapToRegistry name sleep
47 silly mapToRegistry using default registry
48 silly mapToRegistry registry https://registry.npmjs.org/
49 silly mapToRegistry uri https://registry.npmjs.org/sleep
50 verbose addNameRange registry:https://registry.npmjs.org/sleep not in flight; fetching
51 verbose request uri https://registry.npmjs.org/sleep
52 verbose request no auth needed
53 info attempt registry request try #1 at 00:42:07
54 verbose request id 95c4d51374ff99c6
55 verbose etag "2YRY2ZK71X1LQ2I8ZT1G4DZPN"
56 http request GET https://registry.npmjs.org/sleep
57 http 304 https://registry.npmjs.org/sleep
58 silly get cb [ 304,
58 silly get   { date: 'Mon, 19 Oct 2015 21:42:08 GMT',
58 silly get     via: '1.1 varnish',
58 silly get     'cache-control': 'max-age=60',
58 silly get     etag: '"2YRY2ZK71X1LQ2I8ZT1G4DZPN"',
58 silly get     age: '0',
58 silly get     connection: 'keep-alive',
58 silly get     'x-served-by': 'cache-fra1225-FRA',
58 silly get     'x-cache': 'MISS',
58 silly get     'x-cache-hits': '0',
58 silly get     'x-timer': 'S1445290928.892749,VS0,VE842',
58 silly get     vary: 'Accept' } ]
59 verbose etag https://registry.npmjs.org/sleep from cache
60 verbose get saving sleep to C:\Users\Denis\AppData\Roaming\npm-cache\registry.npmjs.org\sleep\.cache.json
61 silly addNameRange number 2 { name: 'sleep', range: '*', hasData: true }
62 silly addNameRange versions [ 'sleep',
62 silly addNameRange   [ '1.0.0',
62 silly addNameRange     '1.0.1',
62 silly addNameRange     '1.0.2',
62 silly addNameRange     '1.1.0',
62 silly addNameRange     '1.1.1',
62 silly addNameRange     '1.1.2',
62 silly addNameRange     '1.1.3',
62 silly addNameRange     '1.1.4',
62 silly addNameRange     '1.1.5',
62 silly addNameRange     '1.1.6',
62 silly addNameRange     '1.1.7',
62 silly addNameRange     '1.1.8',
62 silly addNameRange     '1.2.0',
62 silly addNameRange     '2.0.0',
62 silly addNameRange     '3.0.0' ] ]
63 silly addNamed sleep@3.0.0
64 verbose addNamed "3.0.0" is a plain semver version for sleep
65 silly cache afterAdd sleep@3.0.0
66 verbose afterAdd C:\Users\Denis\AppData\Roaming\npm-cache\sleep\3.0.0\package\package.json not in flight; writing
67 verbose afterAdd C:\Users\Denis\AppData\Roaming\npm-cache\sleep\3.0.0\package\package.json written
68 silly install resolved [ { name: 'sleep',
68 silly install resolved     version: '3.0.0',
68 silly install resolved     main: 'index.js',
68 silly install resolved     description: 'Add sleep() and usleep() to nodejs',
68 silly install resolved     homepage: 'http://github.com/ErikDubbelboer/node-sleep',
68 silly install resolved     author: { name: 'Erik Dubbelboer', email: 'erik@dubbelboer.com' },
68 silly install resolved     engines: { node: '>=0.4.0' },
68 silly install resolved     keywords: [ 'sleep', 'usleep' ],
68 silly install resolved     repository:
68 silly install resolved      { type: 'git',
68 silly install resolved        url: 'git+https://github.com/ErikDubbelboer/node-sleep.git' },
68 silly install resolved     dependencies: { nan: '>=2.0.0' },
68 silly install resolved     gypfile: true,
68 silly install resolved     scripts: { install: 'node-gyp rebuild' },
68 silly install resolved     gitHead: 'bebfd6c19cb8c7055d29682446df99088c54bc06',
68 silly install resolved     bugs: { url: 'https://github.com/ErikDubbelboer/node-sleep/issues' },
68 silly install resolved     _id: 'sleep@3.0.0',
68 silly install resolved     _shasum: '6b374727ee43823686db192f34c1fcb5387013ef',
68 silly install resolved     _from: 'sleep@*',
68 silly install resolved     _npmVersion: '1.4.28',
68 silly install resolved     _npmUser: { name: 'erikdubbelboer', email: 'erik@dubbelboer.com' },
68 silly install resolved     maintainers: [ [Object] ],
68 silly install resolved     dist:
68 silly install resolved      { shasum: '6b374727ee43823686db192f34c1fcb5387013ef',
68 silly install resolved        tarball: 'http://registry.npmjs.org/sleep/-/sleep-3.0.0.tgz' },
68 silly install resolved     directories: {},
68 silly install resolved     _resolved: 'https://registry.npmjs.org/sleep/-/sleep-3.0.0.tgz',
68 silly install resolved     readme: 'ERROR: No README data found!' } ]
69 info install sleep@3.0.0 into C:\code\frontend\react
70 info installOne sleep@3.0.0
71 verbose installOne of sleep to C:\code\frontend\react not in flight; installing
72 verbose lock using C:\Users\Denis\AppData\Roaming\npm-cache\_locks\sleep-671291cc65d5e7e3.lock for C:\code\frontend\react\node_modules\sleep
73 silly install write writing sleep 3.0.0 to C:\code\frontend\react\node_modules\sleep
74 verbose unbuild node_modules\sleep
75 silly gentlyRm C:\code\frontend\react\node_modules\sleep is being purged from base C:\code\frontend\react
76 verbose gentlyRm don't care about contents; nuking C:\code\frontend\react\node_modules\sleep
77 verbose tar unpack C:\Users\Denis\AppData\Roaming\npm-cache\sleep\3.0.0\package.tgz
78 verbose tar unpacking to C:\code\frontend\react\node_modules\sleep
79 silly gentlyRm C:\code\frontend\react\node_modules\sleep is being purged
80 verbose gentlyRm don't care about contents; nuking C:\code\frontend\react\node_modules\sleep
81 silly gunzTarPerm modes [ '777', '666' ]
82 silly gunzTarPerm extractEntry package.json
83 silly gunzTarPerm modified mode [ 'package.json', 436, 438 ]
84 silly gunzTarPerm extractEntry .npmignore
85 silly gunzTarPerm modified mode [ '.npmignore', 436, 438 ]
86 silly gunzTarPerm extractEntry README.md
87 silly gunzTarPerm modified mode [ 'README.md', 436, 438 ]
88 silly gunzTarPerm extractEntry index.js
89 silly gunzTarPerm modified mode [ 'index.js', 436, 438 ]
90 silly gunzTarPerm extractEntry test.js
91 silly gunzTarPerm modified mode [ 'test.js', 436, 438 ]
92 silly gunzTarPerm extractEntry LICENSE.txt
93 silly gunzTarPerm modified mode [ 'LICENSE.txt', 436, 438 ]
94 silly gunzTarPerm extractEntry binding.gyp
95 silly gunzTarPerm modified mode [ 'binding.gyp', 436, 438 ]
96 silly gunzTarPerm extractEntry sleep.cc
97 silly gunzTarPerm modified mode [ 'sleep.cc', 436, 438 ]
98 verbose write writing to C:\code\frontend\react\node_modules\sleep\package.json
99 info preinstall sleep@3.0.0
100 verbose readDependencies loading dependencies from C:\code\frontend\react\node_modules\sleep\package.json
101 silly prepareForInstallMany adding nan@>=2.0.0 from sleep dependencies
102 verbose readDependencies loading dependencies from C:\code\frontend\react\node_modules\sleep\package.json
103 silly cache add args [ 'nan@>=2.0.0', null ]
104 verbose cache add spec nan@>=2.0.0
105 silly cache add parsed spec Result {
105 silly cache add   raw: 'nan@>=2.0.0',
105 silly cache add   scope: null,
105 silly cache add   name: 'nan',
105 silly cache add   rawSpec: '>=2.0.0',
105 silly cache add   spec: '>=2.0.0',
105 silly cache add   type: 'range' }
106 silly addNamed nan@>=2.0.0
107 verbose addNamed ">=2.0.0" is a valid semver range for nan
108 silly addNameRange { name: 'nan', range: '>=2.0.0', hasData: false }
109 silly mapToRegistry name nan
110 silly mapToRegistry using default registry
111 silly mapToRegistry registry https://registry.npmjs.org/
112 silly mapToRegistry uri https://registry.npmjs.org/nan
113 verbose addNameRange registry:https://registry.npmjs.org/nan not in flight; fetching
114 verbose request uri https://registry.npmjs.org/nan
115 verbose request no auth needed
116 info attempt registry request try #1 at 00:42:09
117 verbose etag "EEJEYBDBWDA07LWTXUI68JUWL"
118 http request GET https://registry.npmjs.org/nan
119 http 304 https://registry.npmjs.org/nan
120 silly get cb [ 304,
120 silly get   { date: 'Mon, 19 Oct 2015 21:42:10 GMT',
120 silly get     via: '1.1 varnish',
120 silly get     'cache-control': 'max-age=60',
120 silly get     etag: '"EEJEYBDBWDA07LWTXUI68JUWL"',
120 silly get     age: '55',
120 silly get     connection: 'keep-alive',
120 silly get     'x-served-by': 'cache-fra1226-FRA',
120 silly get     'x-cache': 'HIT',
120 silly get     'x-cache-hits': '1',
120 silly get     'x-timer': 'S1445290930.399313,VS0,VE0',
120 silly get     vary: 'Accept' } ]
121 verbose etag https://registry.npmjs.org/nan from cache
122 verbose get saving nan to C:\Users\Denis\AppData\Roaming\npm-cache\registry.npmjs.org\nan\.cache.json
123 silly addNameRange number 2 { name: 'nan', range: '>=2.0.0', hasData: true }
124 silly addNameRange versions [ 'nan',
124 silly addNameRange   [ '0.3.0-wip',
124 silly addNameRange     '0.3.0-wip2',
124 silly addNameRange     '0.3.0',
124 silly addNameRange     '0.3.1',
124 silly addNameRange     '0.3.2',
124 silly addNameRange     '0.4.0',
124 silly addNameRange     '0.4.1',
124 silly addNameRange     '0.4.2',
124 silly addNameRange     '0.4.3',
124 silly addNameRange     '0.4.4',
124 silly addNameRange     '0.5.0',
124 silly addNameRange     '0.5.1',
124 silly addNameRange     '0.5.2',
124 silly addNameRange     '0.6.0',
124 silly addNameRange     '0.7.0',
124 silly addNameRange     '0.7.1',
124 silly addNameRange     '0.8.0',
124 silly addNameRange     '1.0.0',
124 silly addNameRange     '1.1.0',
124 silly addNameRange     '1.1.1',
124 silly addNameRange     '1.1.2',
124 silly addNameRange     '1.2.0',
124 silly addNameRange     '1.3.0',
124 silly addNameRange     '1.4.0',
124 silly addNameRange     '1.4.1',
124 silly addNameRange     '1.5.0',
124 silly addNameRange     '1.4.2',
124 silly addNameRange     '1.4.3',
124 silly addNameRange     '1.5.1',
124 silly addNameRange     '1.5.2',
124 silly addNameRange     '1.6.0',
124 silly addNameRange     '1.5.3',
124 silly addNameRange     '1.6.1',
124 silly addNameRange     '1.6.2',
124 silly addNameRange     '1.7.0',
124 silly addNameRange     '1.8.0',
124 silly addNameRange     '1.8.1',
124 silly addNameRange     '1.8.2',
124 silly addNameRange     '1.8.3',
124 silly addNameRange     '1.8.4',
124 silly addNameRange     '1.9.0',
124 silly addNameRange     '2.0.0',
124 silly addNameRange     '2.0.1',
124 silly addNameRange     '2.0.2',
124 silly addNameRange     '2.0.3',
124 silly addNameRange     '2.0.4',
124 silly addNameRange     '2.0.5',
124 silly addNameRange     '2.0.6',
124 silly addNameRange     '2.0.7',
124 silly addNameRange     '2.0.8',
124 silly addNameRange     '2.0.9',
124 silly addNameRange     '2.1.0' ] ]
125 silly addNamed nan@2.1.0
126 verbose addNamed "2.1.0" is a plain semver version for nan
127 silly cache afterAdd nan@2.1.0
128 verbose afterAdd C:\Users\Denis\AppData\Roaming\npm-cache\nan\2.1.0\package\package.json not in flight; writing
129 verbose afterAdd C:\Users\Denis\AppData\Roaming\npm-cache\nan\2.1.0\package\package.json written
130 silly install resolved [ { name: 'nan',
130 silly install resolved     version: '2.1.0',
130 silly install resolved     description: 'Native Abstractions for Node.js: C++ header for Node 0.8 -> 4 compatibility',
130 silly install resolved     main: 'include_dirs.js',
130 silly install resolved     repository: { type: 'git', url: 'git://github.com/nodejs/nan.git' },
130 silly install resolved     scripts:
130 silly install resolved      { test: 'tap --gc test/js/*-test.js',
130 silly install resolved        'rebuild-tests': 'node-gyp rebuild --msvs_version=2013 --directory test',
130 silly install resolved        docs: 'doc/.build.sh' },
130 silly install resolved     contributors:
130 silly install resolved      [ [Object],
130 silly install resolved        [Object],
130 silly install resolved        [Object],
130 silly install resolved        [Object],
130 silly install resolved        [Object],
130 silly install resolved        [Object],
130 silly install resolved        [Object] ],
130 silly install resolved     devDependencies:
130 silly install resolved      { bindings: '~1.2.1',
130 silly install resolved        commander: '^2.8.1',
130 silly install resolved        glob: '^5.0.14',
130 silly install resolved        'node-gyp': '~3.0.1',
130 silly install resolved        tap: '~0.7.1',
130 silly install resolved        xtend: '~4.0.0' },
130 silly install resolved     license: 'MIT',
130 silly install resolved     bugs: { url: 'https://github.com/nodejs/nan/issues' },
130 silly install resolved     homepage: 'https://github.com/nodejs/nan#readme',
130 silly install resolved     _id: 'nan@2.1.0',
130 silly install resolved     _shasum: '020a7ccedc63fdee85f85967d5607849e74abbe8',
130 silly install resolved     _resolved: 'https://registry.npmjs.org/nan/-/nan-2.1.0.tgz',
130 silly install resolved     _from: 'nan@>=2.0.0',
130 silly install resolved     _npmVersion: '3.3.5',
130 silly install resolved     _nodeVersion: '4.1.2',
130 silly install resolved     _npmUser: { name: 'kkoopa', email: 'bbyholm@abo.fi' },
130 silly install resolved     dist:
130 silly install resolved      { shasum: '020a7ccedc63fdee85f85967d5607849e74abbe8',
130 silly install resolved        tarball: 'http://registry.npmjs.org/nan/-/nan-2.1.0.tgz' },
130 silly install resolved     maintainers: [ [Object], [Object] ],
130 silly install resolved     directories: {},
130 silly install resolved     readme: 'ERROR: No README data found!' } ]
131 info install nan@2.1.0 into C:\code\frontend\react\node_modules\sleep
132 info installOne nan@2.1.0
133 verbose installOne of nan to C:\code\frontend\react\node_modules\sleep not in flight; installing
134 verbose lock using C:\Users\Denis\AppData\Roaming\npm-cache\_locks\nan-9c11b420767aa41c.lock for C:\code\frontend\react\node_modules\sleep\node_modules\nan
135 silly install write writing nan 2.1.0 to C:\code\frontend\react\node_modules\sleep\node_modules\nan
136 verbose unbuild node_modules\sleep\node_modules\nan
137 silly gentlyRm C:\code\frontend\react\node_modules\sleep\node_modules\nan is being purged from base C:\code\frontend\react
138 verbose gentlyRm don't care about contents; nuking C:\code\frontend\react\node_modules\sleep\node_modules\nan
139 verbose tar unpack C:\Users\Denis\AppData\Roaming\npm-cache\nan\2.1.0\package.tgz
140 verbose tar unpacking to C:\code\frontend\react\node_modules\sleep\node_modules\nan
141 silly gentlyRm C:\code\frontend\react\node_modules\sleep\node_modules\nan is being purged
142 verbose gentlyRm don't care about contents; nuking C:\code\frontend\react\node_modules\sleep\node_modules\nan
143 silly gunzTarPerm modes [ '777', '666' ]
144 silly gunzTarPerm extractEntry package.json
145 silly gunzTarPerm modified mode [ 'package.json', 436, 438 ]
146 silly gunzTarPerm extractEntry README.md
147 silly gunzTarPerm modified mode [ 'README.md', 436, 438 ]
148 silly gunzTarPerm extractEntry include_dirs.js
149 silly gunzTarPerm modified mode [ 'include_dirs.js', 436, 438 ]
150 silly gunzTarPerm extractEntry nan_converters.h
151 silly gunzTarPerm modified mode [ 'nan_converters.h', 436, 438 ]
152 silly gunzTarPerm extractEntry LICENSE.md
153 silly gunzTarPerm modified mode [ 'LICENSE.md', 436, 438 ]
154 silly gunzTarPerm extractEntry .dntrc
155 silly gunzTarPerm modified mode [ '.dntrc', 436, 438 ]
156 silly gunzTarPerm extractEntry appveyor.yml
157 silly gunzTarPerm modified mode [ 'appveyor.yml', 436, 438 ]
158 silly gunzTarPerm extractEntry doc/new.md
159 silly gunzTarPerm modified mode [ 'doc/new.md', 436, 438 ]
160 silly gunzTarPerm extractEntry doc/.build.sh
161 silly gunzTarPerm modified mode [ 'doc/.build.sh', 509, 511 ]
162 silly gunzTarPerm extractEntry doc/buffers.md
163 silly gunzTarPerm modified mode [ 'doc/buffers.md', 436, 438 ]
164 silly gunzTarPerm extractEntry doc/callback.md
165 silly gunzTarPerm modified mode [ 'doc/callback.md', 436, 438 ]
166 silly gunzTarPerm extractEntry doc/converters.md
167 silly gunzTarPerm modified mode [ 'doc/converters.md', 436, 438 ]
168 silly gunzTarPerm extractEntry doc/errors.md
169 silly gunzTarPerm modified mode [ 'doc/errors.md', 436, 438 ]
170 silly gunzTarPerm extractEntry doc/maybe_types.md
171 silly gunzTarPerm modified mode [ 'doc/maybe_types.md', 436, 438 ]
172 silly gunzTarPerm extractEntry doc/methods.md
173 silly gunzTarPerm modified mode [ 'doc/methods.md', 436, 438 ]
174 silly gunzTarPerm extractEntry doc/asyncworker.md
175 silly gunzTarPerm modified mode [ 'doc/asyncworker.md', 436, 438 ]
176 silly gunzTarPerm extractEntry doc/node_misc.md
177 silly gunzTarPerm modified mode [ 'doc/node_misc.md', 436, 438 ]
178 silly gunzTarPerm extractEntry doc/persistent.md
179 silly gunzTarPerm modified mode [ 'doc/persistent.md', 436, 438 ]
180 silly gunzTarPerm extractEntry doc/scopes.md
181 silly gunzTarPerm modified mode [ 'doc/scopes.md', 436, 438 ]
182 silly gunzTarPerm extractEntry doc/script.md
183 silly gunzTarPerm modified mode [ 'doc/script.md', 436, 438 ]
184 silly gunzTarPerm extractEntry doc/string_bytes.md
185 silly gunzTarPerm modified mode [ 'doc/string_bytes.md', 436, 438 ]
186 silly gunzTarPerm extractEntry doc/v8_internals.md
187 silly gunzTarPerm modified mode [ 'doc/v8_internals.md', 436, 438 ]
188 silly gunzTarPerm extractEntry doc/v8_misc.md
189 silly gunzTarPerm modified mode [ 'doc/v8_misc.md', 436, 438 ]
190 silly gunzTarPerm extractEntry nan.h
191 silly gunzTarPerm modified mode [ 'nan.h', 436, 438 ]
192 silly gunzTarPerm extractEntry nan_callbacks.h
193 silly gunzTarPerm modified mode [ 'nan_callbacks.h', 436, 438 ]
194 silly gunzTarPerm extractEntry nan_callbacks_12_inl.h
195 silly gunzTarPerm modified mode [ 'nan_callbacks_12_inl.h', 436, 438 ]
196 silly gunzTarPerm extractEntry nan_callbacks_pre_12_inl.h
197 silly gunzTarPerm modified mode [ 'nan_callbacks_pre_12_inl.h', 436, 438 ]
198 silly gunzTarPerm extractEntry nan_converters_43_inl.h
199 silly gunzTarPerm modified mode [ 'nan_converters_43_inl.h', 436, 438 ]
200 silly gunzTarPerm extractEntry nan_converters_pre_43_inl.h
201 silly gunzTarPerm modified mode [ 'nan_converters_pre_43_inl.h', 436, 438 ]
202 silly gunzTarPerm extractEntry nan_implementation_12_inl.h
203 silly gunzTarPerm modified mode [ 'nan_implementation_12_inl.h', 436, 438 ]
204 silly gunzTarPerm extractEntry nan_implementation_pre_12_inl.h
205 silly gunzTarPerm modified mode [ 'nan_implementation_pre_12_inl.h', 436, 438 ]
206 silly gunzTarPerm extractEntry nan_maybe_43_inl.h
207 silly gunzTarPerm modified mode [ 'nan_maybe_43_inl.h', 436, 438 ]
208 silly gunzTarPerm extractEntry nan_maybe_pre_43_inl.h
209 silly gunzTarPerm modified mode [ 'nan_maybe_pre_43_inl.h', 436, 438 ]
210 silly gunzTarPerm extractEntry nan_new.h
211 silly gunzTarPerm modified mode [ 'nan_new.h', 436, 438 ]
212 silly gunzTarPerm extractEntry nan_object_wrap.h
213 silly gunzTarPerm modified mode [ 'nan_object_wrap.h', 436, 438 ]
214 silly gunzTarPerm extractEntry nan_persistent_12_inl.h
215 silly gunzTarPerm modified mode [ 'nan_persistent_12_inl.h', 436, 438 ]
216 silly gunzTarPerm extractEntry nan_persistent_pre_12_inl.h
217 silly gunzTarPerm modified mode [ 'nan_persistent_pre_12_inl.h', 436, 438 ]
218 silly gunzTarPerm extractEntry nan_string_bytes.h
219 silly gunzTarPerm modified mode [ 'nan_string_bytes.h', 436, 438 ]
220 silly gunzTarPerm extractEntry nan_typedarray_contents.h
221 silly gunzTarPerm modified mode [ 'nan_typedarray_contents.h', 436, 438 ]
222 silly gunzTarPerm extractEntry nan_weak.h
223 silly gunzTarPerm modified mode [ 'nan_weak.h', 436, 438 ]
224 silly gunzTarPerm extractEntry CHANGELOG.md
225 silly gunzTarPerm modified mode [ 'CHANGELOG.md', 436, 438 ]
226 silly gunzTarPerm extractEntry tools/package.json
227 silly gunzTarPerm modified mode [ 'tools/package.json', 436, 438 ]
228 silly gunzTarPerm extractEntry tools/README.md
229 silly gunzTarPerm modified mode [ 'tools/README.md', 436, 438 ]
230 silly gunzTarPerm extractEntry tools/1to2.js
231 silly gunzTarPerm modified mode [ 'tools/1to2.js', 509, 511 ]
232 verbose write writing to C:\code\frontend\react\node_modules\sleep\node_modules\nan\package.json
233 info preinstall nan@2.1.0
234 verbose readDependencies loading dependencies from C:\code\frontend\react\node_modules\sleep\node_modules\nan\package.json
235 verbose readDependencies loading dependencies from C:\code\frontend\react\node_modules\sleep\node_modules\nan\package.json
236 silly install resolved []
237 verbose about to build C:\code\frontend\react\node_modules\sleep\node_modules\nan
238 info build C:\code\frontend\react\node_modules\sleep\node_modules\nan
239 info linkStuff nan@2.1.0
240 silly linkStuff nan@2.1.0 has C:\code\frontend\react\node_modules\sleep\node_modules as its parent node_modules
241 verbose linkBins nan@2.1.0
242 verbose linkMans nan@2.1.0
243 verbose rebuildBundles nan@2.1.0
244 info install nan@2.1.0
245 info postinstall nan@2.1.0
246 verbose unlock done using C:\Users\Denis\AppData\Roaming\npm-cache\_locks\nan-9c11b420767aa41c.lock for C:\code\frontend\react\node_modules\sleep\node_modules\nan
247 verbose about to build C:\code\frontend\react\node_modules\sleep
248 info build C:\code\frontend\react\node_modules\sleep
249 info linkStuff sleep@3.0.0
250 silly linkStuff sleep@3.0.0 has C:\code\frontend\react\node_modules as its parent node_modules
251 verbose linkBins sleep@3.0.0
252 verbose linkMans sleep@3.0.0
253 verbose rebuildBundles sleep@3.0.0
254 verbose rebuildBundles [ 'nan' ]
255 info install sleep@3.0.0
256 verbose unsafe-perm in lifecycle true
257 info sleep@3.0.0 Failed to exec install script
258 verbose unlock done using C:\Users\Denis\AppData\Roaming\npm-cache\_locks\sleep-671291cc65d5e7e3.lock for C:\code\frontend\react\node_modules\sleep
259 verbose stack Error: sleep@3.0.0 install: `node-gyp rebuild`
259 verbose stack Exit status 1
259 verbose stack     at EventEmitter.<anonymous> (C:\Program Files\nodejs\node_modules\npm\lib\utils\lifecycle.js:214:16)
259 verbose stack     at emitTwo (events.js:87:13)
259 verbose stack     at EventEmitter.emit (events.js:172:7)
259 verbose stack     at ChildProcess.<anonymous> (C:\Program Files\nodejs\node_modules\npm\lib\utils\spawn.js:24:14)
259 verbose stack     at emitTwo (events.js:87:13)
259 verbose stack     at ChildProcess.emit (events.js:172:7)
259 verbose stack     at maybeClose (internal/child_process.js:817:16)
259 verbose stack     at Process.ChildProcess._handle.onexit (internal/child_process.js:211:5)
260 verbose pkgid sleep@3.0.0
261 verbose cwd C:\code\frontend\react
262 error Windows_NT 6.1.7601
263 error argv "C:\\Program Files\\nodejs\\node.exe" "C:\\Program Files\\nodejs\\node_modules\\npm\\bin\\npm-cli.js" "i" "sleep"
264 error node v4.1.0
265 error npm  v2.14.3
266 error code ELIFECYCLE
267 error sleep@3.0.0 install: `node-gyp rebuild`
267 error Exit status 1
268 error Failed at the sleep@3.0.0 install script 'node-gyp rebuild'.
268 error This is most likely a problem with the sleep package,
268 error not with npm itself.
268 error Tell the author that this fails on your system:
268 error     node-gyp rebuild
268 error You can get their info via:
268 error     npm owner ls sleep
268 error There is likely additional logging output above.
269 verbose exit [ 1, true ]
270 verbose unbuild node_modules\sleep
271 info preuninstall sleep@3.0.0
272 info uninstall sleep@3.0.0
273 verbose unbuild rmStuff sleep@3.0.0 from C:\code\frontend\react\node_modules
274 info postuninstall sleep@3.0.0
275 silly gentlyRm C:\code\frontend\react\node_modules\sleep is being purged from base C:\code\frontend\react
276 verbose gentlyRm don't care about contents; nuking C:\code\frontend\react\node_modules\sleep
277 silly vacuum-fs purging C:\code\frontend\react\node_modules\sleep
278 silly vacuum-fs quitting because other entries in C:\code\frontend\react\node_modules
